<?xml version="1.0" encoding="UTF-8"?>
<testng-results ignored="0" total="1" passed="0" failed="1" skipped="0">
  <reporter-output>
  </reporter-output>
  <suite started-at="2018-07-03T06:12:54Z" name="Suite" finished-at="2018-07-03T06:25:25Z" duration-ms="750405">
    <groups>
      <group name="cucumber">
        <method signature="TweetTestMain.mainTest()[pri:0, instance:TweetTest.TweetTestMain@36bc55de]" name="mainTest" class="TweetTest.TweetTestMain"/>
      </group> <!-- cucumber -->
    </groups>
    <test started-at="2018-07-03T06:12:54Z" name="Test" finished-at="2018-07-03T06:25:25Z" duration-ms="750405">
      <class name="TweetTest.TweetTestMain">
        <test-method is-config="true" signature="beforeClass()[pri:0, instance:TweetTest.TweetTestMain@36bc55de]" started-at="2018-07-03T06:12:54Z" name="beforeClass" finished-at="2018-07-03T06:12:55Z" duration-ms="366" status="PASS">
          <reporter-output>
          </reporter-output>
        </test-method> <!-- beforeClass -->
        <test-method signature="mainTest()[pri:0, instance:TweetTest.TweetTestMain@36bc55de]" started-at="2018-07-03T06:12:55Z" name="mainTest" description="Runs Cucumber Features" finished-at="2018-07-03T06:25:25Z" duration-ms="749988" status="FAIL">
          <exception class="cucumber.runtime.CucumberException">
            <message>
              <![CDATA[java.lang.AssertionError: Newly post message should appear in the main page stream list expected [true] but found [false]]]>
            </message>
            <full-stacktrace>
              <![CDATA[cucumber.runtime.CucumberException: java.lang.AssertionError: Newly post message should appear in the main page stream list expected [true] but found [false]
at cucumber.api.testng.TestNGCucumberRunner.runCukes(TestNGCucumberRunner.java:57)
at TweetTest.TweetTestMain.mainTest(TweetTestMain.java:25)
at java.base/jdk.internal.reflect.NativeMethodAccessorImpl.invoke0(Native Method)
at java.base/jdk.internal.reflect.NativeMethodAccessorImpl.invoke(NativeMethodAccessorImpl.java:62)
at java.base/jdk.internal.reflect.DelegatingMethodAccessorImpl.invoke(DelegatingMethodAccessorImpl.java:43)
at java.base/java.lang.reflect.Method.invoke(Method.java:564)
at org.testng.internal.MethodInvocationHelper.invokeMethod(MethodInvocationHelper.java:124)
at org.testng.internal.Invoker.invokeMethod(Invoker.java:583)
at org.testng.internal.Invoker.invokeTestMethod(Invoker.java:719)
at org.testng.internal.Invoker.invokeTestMethods(Invoker.java:989)
at org.testng.internal.TestMethodWorker.invokeTestMethods(TestMethodWorker.java:125)
at org.testng.internal.TestMethodWorker.run(TestMethodWorker.java:109)
at org.testng.TestRunner.privateRun(TestRunner.java:648)
at org.testng.TestRunner.run(TestRunner.java:505)
at org.testng.SuiteRunner.runTest(SuiteRunner.java:455)
at org.testng.SuiteRunner.runSequentially(SuiteRunner.java:450)
at org.testng.SuiteRunner.privateRun(SuiteRunner.java:415)
at org.testng.SuiteRunner.run(SuiteRunner.java:364)
at org.testng.SuiteRunnerWorker.runSuite(SuiteRunnerWorker.java:52)
at org.testng.SuiteRunnerWorker.run(SuiteRunnerWorker.java:84)
at org.testng.TestNG.runSuitesSequentially(TestNG.java:1208)
at org.testng.TestNG.runSuitesLocally(TestNG.java:1137)
at org.testng.TestNG.runSuites(TestNG.java:1049)
at org.testng.TestNG.run(TestNG.java:1017)
at org.apache.maven.surefire.testng.TestNGExecutor.run(TestNGExecutor.java:295)
at org.apache.maven.surefire.testng.TestNGXmlTestSuite.execute(TestNGXmlTestSuite.java:84)
at org.apache.maven.surefire.testng.TestNGProvider.invoke(TestNGProvider.java:90)
at org.apache.maven.surefire.booter.ForkedBooter.invokeProviderInSameClassLoader(ForkedBooter.java:203)
at org.apache.maven.surefire.booter.ForkedBooter.runSuitesInProcess(ForkedBooter.java:155)
at org.apache.maven.surefire.booter.ForkedBooter.main(ForkedBooter.java:103)
Caused by: java.lang.AssertionError: Newly post message should appear in the main page stream list expected [true] but found [false]
at org.testng.Assert.fail(Assert.java:96)
at org.testng.Assert.failNotEquals(Assert.java:776)
at org.testng.Assert.assertTrue(Assert.java:44)
at StepDefinitions.TweetTestStepDefinition.findNewTweetMsgs(TweetTestStepDefinition.java:199)
at âœ½.And the new Tweets are shown in the main page stream list(TweetTest.feature:77)
]]>
            </full-stacktrace>
          </exception> <!-- cucumber.runtime.CucumberException -->
          <reporter-output>
          </reporter-output>
        </test-method> <!-- mainTest -->
        <test-method is-config="true" signature="afterClass()[pri:0, instance:TweetTest.TweetTestMain@36bc55de]" started-at="2018-07-03T06:25:25Z" name="afterClass" finished-at="2018-07-03T06:25:25Z" duration-ms="2" status="PASS">
          <reporter-output>
          </reporter-output>
        </test-method> <!-- afterClass -->
      </class> <!-- TweetTest.TweetTestMain -->
    </test> <!-- Test -->
  </suite> <!-- Suite -->
</testng-results>
